Removed Pin From Net: NetName=NetC9_2 Pin=S1-2
Removed Pin From Net: NetName=+3V3 Pin=S1-3
Removed Pin From Net: NetName=+3V3 Pin=S1-4
Removed Pin From Net: NetName=NRST Pin=S2-2
Removed Pin From Net: NetName=GND Pin=S2-3
Removed Pin From Net: NetName=GND Pin=S2-4
Removed Member From Class: ClassName=Designator Member=C32
Removed Member From Class: ClassName=Designator Member=C33
Removed Member From Class: ClassName=Designator Member=C34
Removed Member From Class: ClassName=Designator Member=C35
Removed Member From Class: ClassName=Designator Member=C36
Removed Member From Class: ClassName=Designator Member=C37
Removed Member From Class: ClassName=Designator Member=C38
Removed Member From Class: ClassName=Designator Member=C39
Removed Member From Class: ClassName=Designator Member=C40
Removed Member From Class: ClassName=Designator Member=C41
Removed Member From Class: ClassName=Designator Member=C42
Removed Member From Class: ClassName=Designator Member=C43
Removed Member From Class: ClassName=Designator Member=C44
Removed Member From Class: ClassName=Designator Member=C45
Removed Member From Class: ClassName=Designator Member=C46
Removed Member From Class: ClassName=Designator Member=C47
Removed Member From Class: ClassName=Designator Member=D3
Removed Member From Class: ClassName=Designator Member=D4
Removed Member From Class: ClassName=Designator Member=D5
Removed Member From Class: ClassName=Designator Member=D6
Removed Member From Class: ClassName=Designator Member=IC3
Removed Member From Class: ClassName=Designator Member=J7
Removed Member From Class: ClassName=Designator Member=J8
Removed Member From Class: ClassName=Designator Member=L4
Removed Member From Class: ClassName=Designator Member=LD3
Removed Member From Class: ClassName=Designator Member=LD4
Removed Member From Class: ClassName=Designator Member=R15
Removed Member From Class: ClassName=Designator Member=R16
Removed Member From Class: ClassName=Designator Member=R17
Removed Member From Class: ClassName=Designator Member=R18
Removed Member From Class: ClassName=Designator Member=R19
Removed Member From Class: ClassName=Designator Member=R20
Removed Member From Class: ClassName=Designator Member=R21
Removed Member From Class: ClassName=Designator Member=R22
Removed Member From Class: ClassName=Designator Member=R23
Removed Member From Class: ClassName=Designator Member=R24
Removed Member From Class: ClassName=Designator Member=R25
Removed Member From Class: ClassName=Designator Member=R26
Removed Member From Class: ClassName=Designator Member=R27
Removed Member From Class: ClassName=Designator Member=R28
Removed Member From Class: ClassName=Designator Member=R29
Removed Member From Class: ClassName=Designator Member=R30
Removed Member From Class: ClassName=Designator Member=R31
Removed Member From Class: ClassName=Designator Member=R32
Removed Member From Class: ClassName=Designator Member=R33
Removed Member From Class: ClassName=Designator Member=R34
Removed Member From Class: ClassName=Designator Member=R35
Removed Member From Class: ClassName=Designator Member=R36
Removed Member From Class: ClassName=Designator Member=R37
Removed Member From Class: ClassName=Designator Member=R38
Removed Member From Class: ClassName=Designator Member=R51
Removed Member From Class: ClassName=Designator Member=R52
Removed Member From Class: ClassName=Designator Member=R53
Removed Member From Class: ClassName=Designator Member=R54
Removed Member From Class: ClassName=Designator Member=R55
Removed Member From Class: ClassName=Designator Member=R56
Removed Member From Class: ClassName=Designator Member=R57
Removed Member From Class: ClassName=Designator Member=R58
Removed Member From Class: ClassName=Designator Member=R59
Removed Member From Class: ClassName=Designator Member=X3
Change Component Footprint: Designator=S1 Old Footprint=Push Button C6.0x6.0 TE FSM-2J-SMA New Footprint=Push Button C2.5X3.0 OMRON B3U-1000P(M)-B
Change Component Footprint: Designator=S2 Old Footprint=Push Button C6.0x6.0 TE FSM-2J-SMA New Footprint=Push Button C2.5X3.0 OMRON B3U-1000P(M)-B
Added Pin To Net: NetName=+3V3 Pin=S1-2
Added Pin To Net: NetName=GND Pin=S2-2
Added Room: Name=Designator
Added Room: Name=Designator
Added Room: Name=Designator
