Added Component: Designator=C1(Capacitor POL SMD D10.0 H10.0)
Add component. Clean all parameters for all variants
Add component (AddParameter): Name = "Value"; Value = "68uF/63V"; VariantName = "[No Variations]"
Added Component: Designator=C2(CAPACITOR 1608 REFLOW)
Add component. Clean all parameters for all variants
Add component (AddParameter): Name = "Value"; Value = "100nF"; VariantName = "[No Variations]"
Added Component: Designator=C3(CAPACITOR 2012 REFLOW)
Add component. Clean all parameters for all variants
Add component (AddParameter): Name = "Value"; Value = "68uF/6.3V"; VariantName = "[No Variations]"
Added Component: Designator=C4(CAPACITOR 1608 REFLOW)
Add component. Clean all parameters for all variants
Add component (AddParameter): Name = "Value"; Value = "100nF"; VariantName = "[No Variations]"
Added Component: Designator=C5(Capacitor POL SMD D10.0 H10.0)
Add component. Clean all parameters for all variants
Add component (AddParameter): Name = "Value"; Value = "68uF/63V"; VariantName = "[No Variations]"
Added Component: Designator=C6(CAPACITOR 1608 REFLOW)
Add component. Clean all parameters for all variants
Add component (AddParameter): Name = "Value"; Value = "100nF"; VariantName = "[No Variations]"
Added Component: Designator=C7(CAPACITOR 2012 REFLOW)
Add component. Clean all parameters for all variants
Add component (AddParameter): Name = "Value"; Value = "68uF/6.3V"; VariantName = "[No Variations]"
Added Component: Designator=C8(CAPACITOR 1608 REFLOW)
Add component. Clean all parameters for all variants
Add component (AddParameter): Name = "Value"; Value = "100nF"; VariantName = "[No Variations]"
Added Component: Designator=C9(CAPACITOR 1608 REFLOW)
Add component. Clean all parameters for all variants
Add component (AddParameter): Name = "Value"; Value = "NM"; VariantName = "[No Variations]"
Added Component: Designator=C10(CAPACITOR 1608 REFLOW)
Add component. Clean all parameters for all variants
Add component (AddParameter): Name = "Value"; Value = "2pF"; VariantName = "[No Variations]"
Added Component: Designator=C11(CAPACITOR 1608 REFLOW)
Add component. Clean all parameters for all variants
Add component (AddParameter): Name = "Value"; Value = "2pF"; VariantName = "[No Variations]"
Added Component: Designator=C12(CAPACITOR 1608 REFLOW)
Add component. Clean all parameters for all variants
Add component (AddParameter): Name = "Value"; Value = "4.3pF"; VariantName = "[No Variations]"
Added Component: Designator=C13(CAPACITOR 1608 REFLOW)
Add component. Clean all parameters for all variants
Add component (AddParameter): Name = "Value"; Value = "4.3pF"; VariantName = "[No Variations]"
Added Component: Designator=C14(CAPACITOR 1608 REFLOW)
Add component. Clean all parameters for all variants
Add component (AddParameter): Name = "Value"; Value = "2.2uF"; VariantName = "[No Variations]"
Added Component: Designator=C15(CAPACITOR 1608 REFLOW)
Add component. Clean all parameters for all variants
Add component (AddParameter): Name = "Value"; Value = "100nF"; VariantName = "[No Variations]"
Added Component: Designator=C16(CAPACITOR 1608 REFLOW)
Add component. Clean all parameters for all variants
Add component (AddParameter): Name = "Value"; Value = "2.2uF"; VariantName = "[No Variations]"
Added Component: Designator=C17(CAPACITOR 1608 REFLOW)
Add component. Clean all parameters for all variants
Add component (AddParameter): Name = "Value"; Value = "1uF"; VariantName = "[No Variations]"
Added Component: Designator=C18(CAPACITOR 1608 REFLOW)
Add component. Clean all parameters for all variants
Add component (AddParameter): Name = "Value"; Value = "100nF"; VariantName = "[No Variations]"
Added Component: Designator=C19(CAPACITOR 1608 REFLOW)
Add component. Clean all parameters for all variants
Add component (AddParameter): Name = "Value"; Value = "100nF"; VariantName = "[No Variations]"
Added Component: Designator=C20(CAPACITOR 1608 REFLOW)
Add component. Clean all parameters for all variants
Add component (AddParameter): Name = "Value"; Value = "100nF"; VariantName = "[No Variations]"
Added Component: Designator=C21(CAPACITOR 1608 REFLOW)
Add component. Clean all parameters for all variants
Add component (AddParameter): Name = "Value"; Value = "100nF"; VariantName = "[No Variations]"
Added Component: Designator=C22(CAPACITOR 1608 REFLOW)
Add component. Clean all parameters for all variants
Add component (AddParameter): Name = "Value"; Value = "100nF"; VariantName = "[No Variations]"
Added Component: Designator=C23(CAPACITOR 1608 REFLOW)
Add component. Clean all parameters for all variants
Add component (AddParameter): Name = "Value"; Value = "100nF"; VariantName = "[No Variations]"
Added Component: Designator=C24(CAPACITOR 1608 REFLOW)
Add component. Clean all parameters for all variants
Add component (AddParameter): Name = "Value"; Value = "100nF"; VariantName = "[No Variations]"
Added Component: Designator=C25(CAPACITOR 1608 REFLOW)
Add component. Clean all parameters for all variants
Add component (AddParameter): Name = "Value"; Value = "100nF"; VariantName = "[No Variations]"
Added Component: Designator=C26(CAPACITOR 1608 REFLOW)
Add component. Clean all parameters for all variants
Add component (AddParameter): Name = "Value"; Value = "100nF"; VariantName = "[No Variations]"
Added Component: Designator=C27(CAPACITOR 1608 REFLOW)
Add component. Clean all parameters for all variants
Add component (AddParameter): Name = "Value"; Value = "100nF"; VariantName = "[No Variations]"
Added Component: Designator=C28(CAPACITOR 1608 REFLOW)
Add component. Clean all parameters for all variants
Add component (AddParameter): Name = "Value"; Value = "100nF"; VariantName = "[No Variations]"
Added Component: Designator=C29(CAPACITOR 1608 REFLOW)
Add component. Clean all parameters for all variants
Add component (AddParameter): Name = "Value"; Value = "100nF"; VariantName = "[No Variations]"
Added Component: Designator=C30(CAPACITOR 1608 REFLOW)
Add component. Clean all parameters for all variants
Add component (AddParameter): Name = "Value"; Value = "100nF"; VariantName = "[No Variations]"
Added Component: Designator=C31(CAPACITOR 1608 REFLOW)
Add component. Clean all parameters for all variants
Add component (AddParameter): Name = "Value"; Value = "4.7uF"; VariantName = "[No Variations]"
Added Component: Designator=C32(CAPACITOR 1608 REFLOW)
Add component. Clean all parameters for all variants
Add component (AddParameter): Name = "Value"; Value = "15pF"; VariantName = "[No Variations]"
Added Component: Designator=C33(CAPACITOR 1608 REFLOW)
Add component. Clean all parameters for all variants
Add component (AddParameter): Name = "Value"; Value = "15pF"; VariantName = "[No Variations]"
Added Component: Designator=C34(CAPACITOR 1608 REFLOW)
Add component. Clean all parameters for all variants
Add component (AddParameter): Name = "Value"; Value = "10nF"; VariantName = "[No Variations]"
Added Component: Designator=C35(CAPACITOR 1608 REFLOW)
Add component. Clean all parameters for all variants
Add component (AddParameter): Name = "Value"; Value = "100nF"; VariantName = "[No Variations]"
Added Component: Designator=C36(CAPACITOR 1608 REFLOW)
Add component. Clean all parameters for all variants
Add component (AddParameter): Name = "Value"; Value = "10nF"; VariantName = "[No Variations]"
Added Component: Designator=C37(CAPACITOR 1608 REFLOW)
Add component. Clean all parameters for all variants
Add component (AddParameter): Name = "Value"; Value = "100nF"; VariantName = "[No Variations]"
Added Component: Designator=C38(CAPACITOR 1608 REFLOW)
Add component. Clean all parameters for all variants
Add component (AddParameter): Name = "Value"; Value = "100nF"; VariantName = "[No Variations]"
Added Component: Designator=C39(CAPACITOR 1608 REFLOW)
Add component. Clean all parameters for all variants
Add component (AddParameter): Name = "Value"; Value = "1uF"; VariantName = "[No Variations]"
Added Component: Designator=C40(CAPACITOR 1608 REFLOW)
Add component. Clean all parameters for all variants
Add component (AddParameter): Name = "Value"; Value = "10nF"; VariantName = "[No Variations]"
Added Component: Designator=C41(CAPACITOR 1608 REFLOW)
Add component. Clean all parameters for all variants
Add component (AddParameter): Name = "Value"; Value = "100nF"; VariantName = "[No Variations]"
Added Component: Designator=C42(CAPACITOR 1608 REFLOW)
Add component. Clean all parameters for all variants
Add component (AddParameter): Name = "Value"; Value = "100nF"; VariantName = "[No Variations]"
Added Component: Designator=C43(CAPACITOR 1608 REFLOW)
Add component. Clean all parameters for all variants
Add component (AddParameter): Name = "Value"; Value = "10nF"; VariantName = "[No Variations]"
Added Component: Designator=C44(CAPACITOR 1608 REFLOW)
Add component. Clean all parameters for all variants
Add component (AddParameter): Name = "Value"; Value = "1uF"; VariantName = "[No Variations]"
Added Component: Designator=C45(CAPACITOR 1608 REFLOW)
Add component. Clean all parameters for all variants
Add component (AddParameter): Name = "Value"; Value = "220nF/100V"; VariantName = "[No Variations]"
Added Component: Designator=C46(CAPACITOR 1608 REFLOW)
Add component. Clean all parameters for all variants
Add component (AddParameter): Name = "Value"; Value = "NM"; VariantName = "[No Variations]"
Added Component: Designator=C47(CAPACITOR 1608 REFLOW)
Add component. Clean all parameters for all variants
Add component (AddParameter): Name = "Value"; Value = "220nF/100V"; VariantName = "[No Variations]"
Added Component: Designator=C48(CAPACITOR 4520 REFLOW)
Add component. Clean all parameters for all variants
Add component (AddParameter): Name = "Value"; Value = "100pF / 3000V"; VariantName = "[No Variations]"
Added Component: Designator=C49(CAPACITOR 4520 REFLOW)
Add component. Clean all parameters for all variants
Add component (AddParameter): Name = "Value"; Value = "100pF / 3000V"; VariantName = "[No Variations]"
Added Component: Designator=J2(PINHEADER2X6 P2.54 SIDE MOUNT)
Add component. Clean all parameters for all variants
Add component (AddParameter): Name = "Value"; Value = ""; VariantName = "[No Variations]"
Added Component: Designator=J4(PINHEADER2X6 P2.54 SIDE MOUNT)
Add component. Clean all parameters for all variants
Add component (AddParameter): Name = "Value"; Value = ""; VariantName = "[No Variations]"
Added Component: Designator=J5(PinHeader1x6 P2.54)
Add component. Clean all parameters for all variants
Add component (AddParameter): Name = "Value"; Value = ""; VariantName = "[No Variations]"
Added Component: Designator=J6(USB-MICRO-B HIROSE ZX62D-B-5PA8)
Add component. Clean all parameters for all variants
Added Component: Designator=J7(PinHeader1x5 P2.54)
Add component. Clean all parameters for all variants
Add component (AddParameter): Name = "Value"; Value = ""; VariantName = "[No Variations]"
Added Component: Designator=J8(PinHeader1x5 P2.54)
Add component. Clean all parameters for all variants
Add component (AddParameter): Name = "Value"; Value = ""; VariantName = "[No Variations]"
Added Component: Designator=J9(PinHeader1x2 P2.54)
Add component. Clean all parameters for all variants
Add component (AddParameter): Name = "Value"; Value = ""; VariantName = "[No Variations]"
Added Component: Designator=L3(INDUCTOR 1608 REFLOW)
Add component. Clean all parameters for all variants
Add component (AddParameter): Name = "Value"; Value = ""; VariantName = "[No Variations]"
Added Component: Designator=LD1(LED 1608 REFLOW)
Add component. Clean all parameters for all variants
Add component (AddParameter): Name = "Value"; Value = "BLUE"; VariantName = "[No Variations]"
Added Component: Designator=LD2(LED 1608 REFLOW)
Add component. Clean all parameters for all variants
Add component (AddParameter): Name = "Value"; Value = "RED"; VariantName = "[No Variations]"
Added Component: Designator=LD3(LED 1608 REFLOW)
Add component. Clean all parameters for all variants
Add component (AddParameter): Name = "Value"; Value = "YELLOW"; VariantName = "[No Variations]"
Added Component: Designator=LD4(LED 1608 REFLOW)
Add component. Clean all parameters for all variants
Add component (AddParameter): Name = "Value"; Value = "GREEN"; VariantName = "[No Variations]"
Added Component: Designator=R1(RESISTOR 1608 REFLOW)
Add component. Clean all parameters for all variants
Add component (AddParameter): Name = "Value"; Value = "1M"; VariantName = "[No Variations]"
Added Component: Designator=R2(RESISTOR 1608 REFLOW)
Add component. Clean all parameters for all variants
Add component (AddParameter): Name = "Value"; Value = "384k"; VariantName = "[No Variations]"
Added Component: Designator=R3(RESISTOR 1608 REFLOW)
Add component. Clean all parameters for all variants
Add component (AddParameter): Name = "Value"; Value = "1M"; VariantName = "[No Variations]"
Added Component: Designator=R4(RESISTOR 1608 REFLOW)
Add component. Clean all parameters for all variants
Add component (AddParameter): Name = "Value"; Value = "384k"; VariantName = "[No Variations]"
Added Component: Designator=R5(RESISTOR 1608 REFLOW)
Add component. Clean all parameters for all variants
Add component (AddParameter): Name = "Value"; Value = "680"; VariantName = "[No Variations]"
Added Component: Designator=R6(RESISTOR 1608 REFLOW)
Add component. Clean all parameters for all variants
Add component (AddParameter): Name = "Value"; Value = "10k"; VariantName = "[No Variations]"
Added Component: Designator=R7(RESISTOR 1608 REFLOW)
Add component. Clean all parameters for all variants
Add component (AddParameter): Name = "Value"; Value = "1k"; VariantName = "[No Variations]"
Added Component: Designator=R8(RESISTOR 1608 REFLOW)
Add component. Clean all parameters for all variants
Add component (AddParameter): Name = "Value"; Value = "330"; VariantName = "[No Variations]"
Added Component: Designator=R9(RESISTOR 1608 REFLOW)
Add component. Clean all parameters for all variants
Add component (AddParameter): Name = "Value"; Value = "100"; VariantName = "[No Variations]"
Added Component: Designator=R10(RESISTOR 1608 REFLOW)
Add component. Clean all parameters for all variants
Add component (AddParameter): Name = "Value"; Value = "0"; VariantName = "[No Variations]"
Added Component: Designator=R11(RESISTOR 1608 REFLOW)
Add component. Clean all parameters for all variants
Add component (AddParameter): Name = "Value"; Value = "0"; VariantName = "[No Variations]"
Added Component: Designator=R12(RESISTOR 1608 REFLOW)
Add component. Clean all parameters for all variants
Add component (AddParameter): Name = "Value"; Value = "220k"; VariantName = "[No Variations]"
Added Component: Designator=R13(RESISTOR 1608 REFLOW)
Add component. Clean all parameters for all variants
Add component (AddParameter): Name = "Value"; Value = "10k"; VariantName = "[No Variations]"
Added Component: Designator=R14(RESISTOR 1608 REFLOW)
Add component. Clean all parameters for all variants
Add component (AddParameter): Name = "Value"; Value = "0"; VariantName = "[No Variations]"
Added Component: Designator=R15(RESISTOR 1608 REFLOW)
Add component. Clean all parameters for all variants
Add component (AddParameter): Name = "Value"; Value = "10k"; VariantName = "[No Variations]"
Added Component: Designator=R16(RESISTOR 1608 REFLOW)
Add component. Clean all parameters for all variants
Add component (AddParameter): Name = "Value"; Value = "4.7k"; VariantName = "[No Variations]"
Added Component: Designator=R17(RESISTOR 1608 REFLOW)
Add component. Clean all parameters for all variants
Add component (AddParameter): Name = "Value"; Value = "10k"; VariantName = "[No Variations]"
Added Component: Designator=R18(RESISTOR 1608 REFLOW)
Add component. Clean all parameters for all variants
Add component (AddParameter): Name = "Value"; Value = "1.5k"; VariantName = "[No Variations]"
Added Component: Designator=R19(RESISTOR 1608 REFLOW)
Add component. Clean all parameters for all variants
Add component (AddParameter): Name = "Value"; Value = "0"; VariantName = "[No Variations]"
Added Component: Designator=R20(RESISTOR 1608 REFLOW)
Add component. Clean all parameters for all variants
Add component (AddParameter): Name = "Value"; Value = "0"; VariantName = "[No Variations]"
Added Component: Designator=R21(RESISTOR 1608 REFLOW)
Add component. Clean all parameters for all variants
Add component (AddParameter): Name = "Value"; Value = "10k"; VariantName = "[No Variations]"
Added Component: Designator=R22(RESISTOR 1608 REFLOW)
Add component. Clean all parameters for all variants
Add component (AddParameter): Name = "Value"; Value = "0"; VariantName = "[No Variations]"
Added Component: Designator=R23(RESISTOR 1608 REFLOW)
Add component. Clean all parameters for all variants
Add component (AddParameter): Name = "Value"; Value = "0"; VariantName = "[No Variations]"
Added Component: Designator=R24(RESISTOR 1608 REFLOW)
Add component. Clean all parameters for all variants
Add component (AddParameter): Name = "Value"; Value = "49.9"; VariantName = "[No Variations]"
Added Component: Designator=R25(RESISTOR 1608 REFLOW)
Add component. Clean all parameters for all variants
Add component (AddParameter): Name = "Value"; Value = "1Meg"; VariantName = "[No Variations]"
Added Component: Designator=R26(RESISTOR 1608 REFLOW)
Add component. Clean all parameters for all variants
Add component (AddParameter): Name = "Value"; Value = "5.1k"; VariantName = "[No Variations]"
Added Component: Designator=R27(RESISTOR 1608 REFLOW)
Add component. Clean all parameters for all variants
Add component (AddParameter): Name = "Value"; Value = "200"; VariantName = "[No Variations]"
Added Component: Designator=R28(RESISTOR 1608 REFLOW)
Add component. Clean all parameters for all variants
Add component (AddParameter): Name = "Value"; Value = "10k"; VariantName = "[No Variations]"
Added Component: Designator=R29(RESISTOR 1608 REFLOW)
Add component. Clean all parameters for all variants
Add component (AddParameter): Name = "Value"; Value = "200"; VariantName = "[No Variations]"
Added Component: Designator=R30(RESISTOR 1608 REFLOW)
Add component. Clean all parameters for all variants
Add component (AddParameter): Name = "Value"; Value = "10k"; VariantName = "[No Variations]"
Added Component: Designator=R31(RESISTOR 1608 REFLOW)
Add component. Clean all parameters for all variants
Add component (AddParameter): Name = "Value"; Value = "5.1k"; VariantName = "[No Variations]"
Added Component: Designator=R32(RESISTOR 1608 REFLOW)
Add component. Clean all parameters for all variants
Add component (AddParameter): Name = "Value"; Value = "1Meg"; VariantName = "[No Variations]"
Added Component: Designator=R33(RESISTOR 1608 REFLOW)
Add component. Clean all parameters for all variants
Add component (AddParameter): Name = "Value"; Value = "0"; VariantName = "[No Variations]"
Added Component: Designator=R34(RESISTOR 1608 REFLOW)
Add component. Clean all parameters for all variants
Add component (AddParameter): Name = "Value"; Value = "10k"; VariantName = "[No Variations]"
Added Component: Designator=R35(RESISTOR 1608 REFLOW)
Add component. Clean all parameters for all variants
Add component (AddParameter): Name = "Value"; Value = "0"; VariantName = "[No Variations]"
Added Component: Designator=R36(RESISTOR 1608 REFLOW)
Add component. Clean all parameters for all variants
Add component (AddParameter): Name = "Value"; Value = "0"; VariantName = "[No Variations]"
Added Component: Designator=R37(RESISTOR 1608 REFLOW)
Add component. Clean all parameters for all variants
Add component (AddParameter): Name = "Value"; Value = "49.9"; VariantName = "[No Variations]"
Added Component: Designator=R38(RESISTOR 1608 REFLOW)
Add component. Clean all parameters for all variants
Add component (AddParameter): Name = "Value"; Value = "0"; VariantName = "[No Variations]"
Added Component: Designator=R39(RESISTOR 1608 REFLOW)
Add component. Clean all parameters for all variants
Add component (AddParameter): Name = "Value"; Value = "0"; VariantName = "[No Variations]"
Added Component: Designator=R40(RESISTOR 1608 REFLOW)
Add component. Clean all parameters for all variants
Add component (AddParameter): Name = "Value"; Value = "0"; VariantName = "[No Variations]"
Added Component: Designator=R41(RESISTOR 1608 REFLOW)
Add component. Clean all parameters for all variants
Add component (AddParameter): Name = "Value"; Value = "0"; VariantName = "[No Variations]"
Added Component: Designator=R42(RESISTOR 1608 REFLOW)
Add component. Clean all parameters for all variants
Add component (AddParameter): Name = "Value"; Value = "0"; VariantName = "[No Variations]"
Added Component: Designator=R43(RESISTOR 1608 REFLOW)
Add component. Clean all parameters for all variants
Add component (AddParameter): Name = "Value"; Value = "0"; VariantName = "[No Variations]"
Added Component: Designator=R44(RESISTOR 1608 REFLOW)
Add component. Clean all parameters for all variants
Add component (AddParameter): Name = "Value"; Value = "0"; VariantName = "[No Variations]"
Added Component: Designator=R45(RESISTOR 1608 REFLOW)
Add component. Clean all parameters for all variants
Add component (AddParameter): Name = "Value"; Value = "0"; VariantName = "[No Variations]"
Added Component: Designator=R46(RESISTOR 1608 REFLOW)
Add component. Clean all parameters for all variants
Add component (AddParameter): Name = "Value"; Value = "0"; VariantName = "[No Variations]"
Added Component: Designator=R47(RESISTOR 1608 REFLOW)
Add component. Clean all parameters for all variants
Add component (AddParameter): Name = "Value"; Value = "0"; VariantName = "[No Variations]"
Added Component: Designator=R48(RESISTOR 1608 REFLOW)
Add component. Clean all parameters for all variants
Add component (AddParameter): Name = "Value"; Value = "0"; VariantName = "[No Variations]"
Added Component: Designator=R49(RESISTOR 1608 REFLOW)
Add component. Clean all parameters for all variants
Add component (AddParameter): Name = "Value"; Value = "0"; VariantName = "[No Variations]"
Added Component: Designator=R50(RESISTOR 1608 REFLOW)
Add component. Clean all parameters for all variants
Add component (AddParameter): Name = "Value"; Value = "0"; VariantName = "[No Variations]"
Added Component: Designator=R51(RESISTOR 1608 REFLOW)
Add component. Clean all parameters for all variants
Add component (AddParameter): Name = "Value"; Value = "4.7k"; VariantName = "[No Variations]"
Added Component: Designator=R52(RESISTOR 1608 REFLOW)
Add component. Clean all parameters for all variants
Add component (AddParameter): Name = "Value"; Value = "4.7k"; VariantName = "[No Variations]"
Added Component: Designator=R53(RESISTOR 1608 REFLOW)
Add component. Clean all parameters for all variants
Add component (AddParameter): Name = "Value"; Value = "4.7k"; VariantName = "[No Variations]"
Added Component: Designator=R54(RESISTOR 1608 REFLOW)
Add component. Clean all parameters for all variants
Add component (AddParameter): Name = "Value"; Value = "4.7k"; VariantName = "[No Variations]"
Added Component: Designator=R55(RESISTOR 1608 REFLOW)
Add component. Clean all parameters for all variants
Add component (AddParameter): Name = "Value"; Value = "4.7k"; VariantName = "[No Variations]"
Added Component: Designator=R56(RESISTOR 1608 REFLOW)
Add component. Clean all parameters for all variants
Add component (AddParameter): Name = "Value"; Value = "4.7k"; VariantName = "[No Variations]"
Added Component: Designator=R57(RESISTOR 1608 REFLOW)
Add component. Clean all parameters for all variants
Add component (AddParameter): Name = "Value"; Value = "4.7k"; VariantName = "[No Variations]"
Added Component: Designator=R58(RESISTOR 1608 REFLOW)
Add component. Clean all parameters for all variants
Add component (AddParameter): Name = "Value"; Value = "4.7k"; VariantName = "[No Variations]"
Added Component: Designator=R59(RESISTOR 1608 REFLOW)
Add component. Clean all parameters for all variants
Add component (AddParameter): Name = "Value"; Value = "4.7k"; VariantName = "[No Variations]"
Added Component: Designator=R60(RESISTOR 1608 REFLOW)
Add component. Clean all parameters for all variants
Add component (AddParameter): Name = "Value"; Value = "0"; VariantName = "[No Variations]"
Added Component: Designator=R61(RESISTOR 1608 REFLOW)
Add component. Clean all parameters for all variants
Add component (AddParameter): Name = "Value"; Value = "0"; VariantName = "[No Variations]"
Added Component: Designator=R62(RESISTOR 1608 REFLOW)
Add component. Clean all parameters for all variants
Add component (AddParameter): Name = "Value"; Value = "0"; VariantName = "[No Variations]"
Added Component: Designator=R63(RESISTOR 1608 REFLOW)
Add component. Clean all parameters for all variants
Add component (AddParameter): Name = "Value"; Value = "0"; VariantName = "[No Variations]"
Added Component: Designator=R64(RESISTOR 1608 REFLOW)
Add component. Clean all parameters for all variants
Add component (AddParameter): Name = "Value"; Value = "0"; VariantName = "[No Variations]"
Added Component: Designator=R65(RESISTOR 1608 REFLOW)
Add component. Clean all parameters for all variants
Add component (AddParameter): Name = "Value"; Value = "0"; VariantName = "[No Variations]"
Added Component: Designator=R66(RESISTOR 1608 REFLOW)
Add component. Clean all parameters for all variants
Add component (AddParameter): Name = "Value"; Value = "0"; VariantName = "[No Variations]"
Added Component: Designator=R67(RESISTOR 1608 REFLOW)
Add component. Clean all parameters for all variants
Add component (AddParameter): Name = "Value"; Value = "0"; VariantName = "[No Variations]"
Added Component: Designator=R68(RESISTOR 1608 REFLOW)
Add component. Clean all parameters for all variants
Add component (AddParameter): Name = "Value"; Value = "0"; VariantName = "[No Variations]"
Added Component: Designator=R69(RESISTOR 1608 REFLOW)
Add component. Clean all parameters for all variants
Add component (AddParameter): Name = "Value"; Value = "0"; VariantName = "[No Variations]"
Added Component: Designator=R70(RESISTOR 1608 REFLOW)
Add component. Clean all parameters for all variants
Add component (AddParameter): Name = "Value"; Value = "0"; VariantName = "[No Variations]"
Added Component: Designator=R71(RESISTOR 1608 REFLOW)
Add component. Clean all parameters for all variants
Add component (AddParameter): Name = "Value"; Value = "0"; VariantName = "[No Variations]"
Added Component: Designator=R72(RESISTOR 1608 REFLOW)
Add component. Clean all parameters for all variants
Add component (AddParameter): Name = "Value"; Value = "0"; VariantName = "[No Variations]"
Added Component: Designator=R73(RESISTOR 1608 REFLOW)
Add component. Clean all parameters for all variants
Add component (AddParameter): Name = "Value"; Value = "0"; VariantName = "[No Variations]"
Added Component: Designator=R74(RESISTOR 1608 REFLOW)
Add component. Clean all parameters for all variants
Add component (AddParameter): Name = "Value"; Value = "0"; VariantName = "[No Variations]"
Added Component: Designator=R75(RESISTOR 1608 REFLOW)
Add component. Clean all parameters for all variants
Add component (AddParameter): Name = "Value"; Value = "0"; VariantName = "[No Variations]"
Added Component: Designator=R76(RESISTOR 1608 REFLOW)
Add component. Clean all parameters for all variants
Add component (AddParameter): Name = "Value"; Value = "0"; VariantName = "[No Variations]"
Added Component: Designator=R78(RESISTOR 1608 REFLOW)
Add component. Clean all parameters for all variants
Add component (AddParameter): Name = "Value"; Value = "0"; VariantName = "[No Variations]"
Added Component: Designator=S1(Push Button C6.0x6.0 TE FSM-2J-SMA)
Add component. Clean all parameters for all variants
Add component (AddParameter): Name = "Value"; Value = ""; VariantName = "[No Variations]"
Added Component: Designator=S2(Push Button C6.0x6.0 TE FSM-2J-SMA)
Add component. Clean all parameters for all variants
Add component (AddParameter): Name = "Value"; Value = ""; VariantName = "[No Variations]"
Added Component: Designator=TP1(Pad D0.8)
Add component. Clean all parameters for all variants
Add component (AddParameter): Name = "Value"; Value = ""; VariantName = "[No Variations]"
Added Component: Designator=TP2(Pad D0.8)
Add component. Clean all parameters for all variants
Add component (AddParameter): Name = "Value"; Value = ""; VariantName = "[No Variations]"
Added Component: Designator=TP3(Pad D0.8)
Add component. Clean all parameters for all variants
Add component (AddParameter): Name = "Value"; Value = ""; VariantName = "[No Variations]"
Added Component: Designator=TP4(Pad D0.8)
Add component. Clean all parameters for all variants
Add component (AddParameter): Name = "Value"; Value = ""; VariantName = "[No Variations]"
Added Component: Designator=TP5(Pad D0.8)
Add component. Clean all parameters for all variants
Add component (AddParameter): Name = "Value"; Value = ""; VariantName = "[No Variations]"
Added Component: Designator=X1(Crystal C2.0x1.2 CTS TF20)
Add component. Clean all parameters for all variants
Add component (AddParameter): Name = "Value"; Value = "32.768kHz"; VariantName = "[No Variations]"
Added Component: Designator=X2(Crystal C2.0x1.6 Abracon ABM11W)
Add component. Clean all parameters for all variants
Add component (AddParameter): Name = "Value"; Value = "8MHz"; VariantName = "[No Variations]"
Added Component: Designator=X3(Crystal C2.5x2 Seiko Epson FA-128)
Add component. Clean all parameters for all variants
Add component (AddParameter): Name = "Value"; Value = "25Mhz"; VariantName = "[No Variations]"
Added Component: Designator=X4(Oscillator C2.5x2 Seiko Epson SPXO SG-210STF)
Add component. Clean all parameters for all variants
Add component (AddParameter): Name = "Value"; Value = ""; VariantName = "[No Variations]"
Added Pin To Net: NetName=+3V3 Pin=C7-2
Added Pin To Net: NetName=+3V3 Pin=C17-2
Added Pin To Net: NetName=+3V3 Pin=C19-1
Added Pin To Net: NetName=+3V3 Pin=C20-1
Added Pin To Net: NetName=+3V3 Pin=C21-1
Added Pin To Net: NetName=+3V3 Pin=C22-1
Added Pin To Net: NetName=+3V3 Pin=C23-1
Added Pin To Net: NetName=+3V3 Pin=C24-1
Added Pin To Net: NetName=+3V3 Pin=C25-1
Added Pin To Net: NetName=+3V3 Pin=C26-1
Added Pin To Net: NetName=+3V3 Pin=C27-1
Added Pin To Net: NetName=+3V3 Pin=C28-1
Added Pin To Net: NetName=+3V3 Pin=C29-1
Added Pin To Net: NetName=+3V3 Pin=C30-1
Added Pin To Net: NetName=+3V3 Pin=C31-1
Added Pin To Net: NetName=+3V3 Pin=C34-2
Added Pin To Net: NetName=+3V3 Pin=C35-2
Added Pin To Net: NetName=+3V3 Pin=C36-2
Added Pin To Net: NetName=+3V3 Pin=C37-2
Added Pin To Net: NetName=+3V3 Pin=C40-2
Added Pin To Net: NetName=+3V3 Pin=C41-2
Added Pin To Net: NetName=+3V3 Pin=J4-11
Added Pin To Net: NetName=+3V3 Pin=J5-1
Added Pin To Net: NetName=+3V3 Pin=L3-1
Added Pin To Net: NetName=+3V3 Pin=LD3-2
Added Pin To Net: NetName=+3V3 Pin=LD4-2
Added Pin To Net: NetName=+3V3 Pin=R9-2
Added Pin To Net: NetName=+3V3 Pin=R15-2
Added Pin To Net: NetName=+3V3 Pin=R18-1
Added Pin To Net: NetName=+3V3 Pin=R51-1
Added Pin To Net: NetName=+3V3 Pin=R52-1
Added Pin To Net: NetName=+3V3 Pin=R53-1
Added Pin To Net: NetName=+3V3 Pin=R54-1
Added Pin To Net: NetName=+3V3 Pin=R55-1
Added Pin To Net: NetName=+3V3 Pin=R56-1
Added Pin To Net: NetName=+3V3 Pin=R57-1
Added Pin To Net: NetName=+3V3 Pin=R58-1
Added Pin To Net: NetName=+3V3 Pin=R59-1
Added Pin To Net: NetName=+3V3 Pin=R78-2
Added Pin To Net: NetName=+3V3 Pin=S1-3
Added Pin To Net: NetName=+3V3 Pin=S1-4
Added Net: Name=+3V3
Added Pin To Net: NetName=+5 Pin=C3-2
Added Pin To Net: NetName=+5 Pin=J2-11
Added Net: Name=+5
Added Pin To Net: NetName=+48V Pin=C1-1
Added Pin To Net: NetName=+48V Pin=C5-1
Added Pin To Net: NetName=+48V Pin=R1-2
Added Pin To Net: NetName=+48V Pin=R3-2
Added Net: Name=+48V
Added Pin To Net: NetName=A+3V3 Pin=C18-1
Added Pin To Net: NetName=A+3V3 Pin=L3-2
Added Net: Name=A+3V3
Added Pin To Net: NetName=AGND Pin=C18-2
Added Pin To Net: NetName=AGND Pin=R14-2
Added Net: Name=AGND
Added Pin To Net: NetName=GND Pin=C1-2
Added Pin To Net: NetName=GND Pin=C3-1
Added Pin To Net: NetName=GND Pin=C4-2
Added Pin To Net: NetName=GND Pin=C5-2
Added Pin To Net: NetName=GND Pin=C7-1
Added Pin To Net: NetName=GND Pin=C8-2
Added Pin To Net: NetName=GND Pin=C10-1
Added Pin To Net: NetName=GND Pin=C11-1
Added Pin To Net: NetName=GND Pin=C12-2
Added Pin To Net: NetName=GND Pin=C13-2
Added Pin To Net: NetName=GND Pin=C14-2
Added Pin To Net: NetName=GND Pin=C15-1
Added Pin To Net: NetName=GND Pin=C16-2
Added Pin To Net: NetName=GND Pin=C17-1
Added Pin To Net: NetName=GND Pin=C19-2
Added Pin To Net: NetName=GND Pin=C20-2
Added Pin To Net: NetName=GND Pin=C21-2
Added Pin To Net: NetName=GND Pin=C22-2
Added Pin To Net: NetName=GND Pin=C23-2
Added Pin To Net: NetName=GND Pin=C24-2
Added Pin To Net: NetName=GND Pin=C25-2
Added Pin To Net: NetName=GND Pin=C26-2
Added Pin To Net: NetName=GND Pin=C27-2
Added Pin To Net: NetName=GND Pin=C28-2
Added Pin To Net: NetName=GND Pin=C29-2
Added Pin To Net: NetName=GND Pin=C30-2
Added Pin To Net: NetName=GND Pin=C31-2
Added Pin To Net: NetName=GND Pin=C32-2
Added Pin To Net: NetName=GND Pin=C33-2
Added Pin To Net: NetName=GND Pin=C34-1
Added Pin To Net: NetName=GND Pin=C35-1
Added Pin To Net: NetName=GND Pin=C36-1
Added Pin To Net: NetName=GND Pin=C37-1
Added Pin To Net: NetName=GND Pin=C38-1
Added Pin To Net: NetName=GND Pin=C39-1
Added Pin To Net: NetName=GND Pin=C40-1
Added Pin To Net: NetName=GND Pin=C41-1
Added Pin To Net: NetName=GND Pin=C42-1
Added Pin To Net: NetName=GND Pin=C43-1
Added Pin To Net: NetName=GND Pin=C44-1
Added Pin To Net: NetName=GND Pin=C48-2
Added Pin To Net: NetName=GND Pin=C49-2
Added Pin To Net: NetName=GND Pin=J2-9
Added Pin To Net: NetName=GND Pin=J4-9
Added Pin To Net: NetName=GND Pin=J5-3
Added Pin To Net: NetName=GND Pin=J6-6
Added Pin To Net: NetName=GND Pin=J6-7
Added Pin To Net: NetName=GND Pin=J6-8
Added Pin To Net: NetName=GND Pin=J6-9
Added Pin To Net: NetName=GND Pin=LD1-1
Added Pin To Net: NetName=GND Pin=LD2-1
Added Pin To Net: NetName=GND Pin=R2-1
Added Pin To Net: NetName=GND Pin=R4-1
Added Pin To Net: NetName=GND Pin=R12-2
Added Pin To Net: NetName=GND Pin=R13-2
Added Pin To Net: NetName=GND Pin=R14-1
Added Pin To Net: NetName=GND Pin=R76-2
Added Pin To Net: NetName=GND Pin=S2-3
Added Pin To Net: NetName=GND Pin=S2-4
Added Pin To Net: NetName=GND Pin=X2-2
Added Pin To Net: NetName=GND Pin=X2-4
Added Pin To Net: NetName=GND Pin=X3-2
Added Pin To Net: NetName=GND Pin=X3-4
Added Pin To Net: NetName=GND Pin=X4-2
Added Net: Name=GND
Added Pin To Net: NetName=LINK_ST Pin=R59-2
Added Net: Name=LINK_ST
Added Pin To Net: NetName=NetC2_1 Pin=C2-1
Added Net: Name=NetC2_1
Added Pin To Net: NetName=NetC2_2 Pin=C2-2
Added Net: Name=NetC2_2
Added Pin To Net: NetName=NetC4_1 Pin=C4-1
Added Net: Name=NetC4_1
Added Pin To Net: NetName=NetC6_1 Pin=C6-1
Added Net: Name=NetC6_1
Added Pin To Net: NetName=NetC6_2 Pin=C6-2
Added Net: Name=NetC6_2
Added Pin To Net: NetName=NetC8_1 Pin=C8-1
Added Net: Name=NetC8_1
Added Pin To Net: NetName=NetC9_1 Pin=C9-1
Added Pin To Net: NetName=NetC9_1 Pin=R9-1
Added Net: Name=NetC9_1
Added Pin To Net: NetName=NetC9_2 Pin=C9-2
Added Pin To Net: NetName=NetC9_2 Pin=R8-2
Added Pin To Net: NetName=NetC9_2 Pin=R12-1
Added Pin To Net: NetName=NetC9_2 Pin=S1-1
Added Pin To Net: NetName=NetC9_2 Pin=S1-2
Added Net: Name=NetC9_2
Added Pin To Net: NetName=NetC10_2 Pin=C10-2
Added Pin To Net: NetName=NetC10_2 Pin=R10-2
Added Pin To Net: NetName=NetC10_2 Pin=X1-1
Added Net: Name=NetC10_2
Added Pin To Net: NetName=NetC11_2 Pin=C11-2
Added Pin To Net: NetName=NetC11_2 Pin=R11-1
Added Pin To Net: NetName=NetC11_2 Pin=X1-2
Added Net: Name=NetC11_2
Added Pin To Net: NetName=NetC14_1 Pin=C14-1
Added Net: Name=NetC14_1
Added Pin To Net: NetName=NetC16_1 Pin=C16-1
Added Net: Name=NetC16_1
Added Pin To Net: NetName=NetC32_1 Pin=C32-1
Added Pin To Net: NetName=NetC32_1 Pin=X3-1
Added Net: Name=NetC32_1
Added Pin To Net: NetName=NetC33_1 Pin=C33-1
Added Pin To Net: NetName=NetC33_1 Pin=X3-3
Added Net: Name=NetC33_1
Added Pin To Net: NetName=NetC38_2 Pin=C38-2
Added Net: Name=NetC38_2
Added Pin To Net: NetName=NetC39_2 Pin=C39-2
Added Net: Name=NetC39_2
Added Pin To Net: NetName=NetC42_2 Pin=C42-2
Added Pin To Net: NetName=NetC42_2 Pin=C43-2
Added Pin To Net: NetName=NetC42_2 Pin=C44-2
Added Net: Name=NetC42_2
Added Pin To Net: NetName=NetC46_1 Pin=C46-1
Added Pin To Net: NetName=NetC46_1 Pin=R29-1
Added Pin To Net: NetName=NetC46_1 Pin=R30-2
Added Net: Name=NetC46_1
Added Pin To Net: NetName=NetC46_2 Pin=C46-2
Added Pin To Net: NetName=NetC46_2 Pin=R27-1
Added Pin To Net: NetName=NetC46_2 Pin=R28-2
Added Net: Name=NetC46_2
Added Pin To Net: NetName=NetC48_1 Pin=C48-1
Added Pin To Net: NetName=NetC48_1 Pin=R19-2
Added Pin To Net: NetName=NetC48_1 Pin=R20-2
Added Net: Name=NetC48_1
Added Pin To Net: NetName=NetC49_1 Pin=C49-1
Added Pin To Net: NetName=NetC49_1 Pin=R33-2
Added Pin To Net: NetName=NetC49_1 Pin=R38-2
Added Net: Name=NetC49_1
Added Net: Name=NetD3_2
Added Pin To Net: NetName=NetIC1_5 Pin=R1-1
Added Pin To Net: NetName=NetIC1_5 Pin=R2-2
Added Net: Name=NetIC1_5
Added Pin To Net: NetName=NetIC2_5 Pin=R3-1
Added Pin To Net: NetName=NetIC2_5 Pin=R4-2
Added Net: Name=NetIC2_5
Added Pin To Net: NetName=NetIC3_1 Pin=R44-1
Added Net: Name=NetIC3_1
Added Pin To Net: NetName=NetIC3_3 Pin=R17-1
Added Net: Name=NetIC3_3
Added Pin To Net: NetName=NetIC3_5 Pin=R39-1
Added Net: Name=NetIC3_5
Added Pin To Net: NetName=NetIC3_6 Pin=R15-1
Added Pin To Net: NetName=NetIC3_6 Pin=R16-1
Added Net: Name=NetIC3_6
Added Pin To Net: NetName=NetIC3_7 Pin=R40-1
Added Pin To Net: NetName=NetIC3_7 Pin=R50-2
Added Net: Name=NetIC3_7
Added Pin To Net: NetName=NetIC3_26 Pin=R18-2
Added Pin To Net: NetName=NetIC3_26 Pin=R66-1
Added Net: Name=NetIC3_26
Added Pin To Net: NetName=NetIC3_27 Pin=R65-1
Added Net: Name=NetIC3_27
Added Pin To Net: NetName=NetIC3_36 Pin=TP4-1
Added Net: Name=NetIC3_36
Added Pin To Net: NetName=NetIC3_37 Pin=R46-1
Added Net: Name=NetIC3_37
Added Pin To Net: NetName=NetIC3_38 Pin=R41-1
Added Net: Name=NetIC3_38
Added Pin To Net: NetName=NetIC3_39 Pin=R42-1
Added Net: Name=NetIC3_39
Added Pin To Net: NetName=NetIC3_40 Pin=R43-1
Added Net: Name=NetIC3_40
Added Pin To Net: NetName=NetJ5_2 Pin=J5-2
Added Pin To Net: NetName=NetJ5_2 Pin=R70-1
Added Net: Name=NetJ5_2
Added Pin To Net: NetName=NetJ5_4 Pin=J5-4
Added Pin To Net: NetName=NetJ5_4 Pin=R69-1
Added Net: Name=NetJ5_4
Added Pin To Net: NetName=NetJ5_5 Pin=J5-5
Added Pin To Net: NetName=NetJ5_5 Pin=R71-1
Added Net: Name=NetJ5_5
Added Pin To Net: NetName=NetJ5_6 Pin=J5-6
Added Pin To Net: NetName=NetJ5_6 Pin=R68-1
Added Net: Name=NetJ5_6
Added Pin To Net: NetName=NetJ6_1 Pin=J6-1
Added Pin To Net: NetName=NetJ6_1 Pin=R72-1
Added Net: Name=NetJ6_1
Added Pin To Net: NetName=NetJ6_2 Pin=J6-2
Added Pin To Net: NetName=NetJ6_2 Pin=R73-1
Added Net: Name=NetJ6_2
Added Pin To Net: NetName=NetJ6_3 Pin=J6-3
Added Pin To Net: NetName=NetJ6_3 Pin=R74-1
Added Net: Name=NetJ6_3
Added Pin To Net: NetName=NetJ6_4 Pin=J6-4
Added Pin To Net: NetName=NetJ6_4 Pin=R75-1
Added Net: Name=NetJ6_4
Added Pin To Net: NetName=NetJ6_5 Pin=J6-5
Added Pin To Net: NetName=NetJ6_5 Pin=R76-1
Added Net: Name=NetJ6_5
Added Pin To Net: NetName=NetL4_1 Pin=R20-1
Added Pin To Net: NetName=NetL4_1 Pin=R21-2
Added Net: Name=NetL4_1
Added Pin To Net: NetName=NetL4_4 Pin=R33-1
Added Pin To Net: NetName=NetL4_4 Pin=R34-2
Added Net: Name=NetL4_4
Added Pin To Net: NetName=NetLD1_2 Pin=LD1-2
Added Pin To Net: NetName=NetLD1_2 Pin=R5-1
Added Net: Name=NetLD1_2
Added Pin To Net: NetName=NetLD2_2 Pin=LD2-2
Added Pin To Net: NetName=NetLD2_2 Pin=R7-1
Added Net: Name=NetLD2_2
Added Pin To Net: NetName=NetLD3_1 Pin=LD3-1
Added Pin To Net: NetName=NetLD3_1 Pin=R16-2
Added Net: Name=NetLD3_1
Added Pin To Net: NetName=NetLD4_1 Pin=LD4-1
Added Pin To Net: NetName=NetLD4_1 Pin=R17-2
Added Net: Name=NetLD4_1
Added Pin To Net: NetName=NetR6_2 Pin=R6-2
Added Pin To Net: NetName=NetR6_2 Pin=R72-2
Added Net: Name=NetR6_2
Added Pin To Net: NetName=NetR13_1 Pin=R13-1
Added Net: Name=NetR13_1
Added Pin To Net: NetName=NetR47_2 Pin=R47-2
Added Pin To Net: NetName=NetR47_2 Pin=R67-1
Added Net: Name=NetR47_2
Added Pin To Net: NetName=NetR49_1 Pin=R49-1
Added Pin To Net: NetName=NetR49_1 Pin=TP5-1
Added Net: Name=NetR49_1
Added Pin To Net: NetName=NetR50_1 Pin=R50-1
Added Pin To Net: NetName=NetR50_1 Pin=X4-3
Added Net: Name=NetR50_1
Added Pin To Net: NetName=NetR78_1 Pin=R78-1
Added Pin To Net: NetName=NetR78_1 Pin=X4-1
Added Pin To Net: NetName=NetR78_1 Pin=X4-4
Added Net: Name=NetR78_1
Added Pin To Net: NetName=NRST Pin=C15-2
Added Pin To Net: NetName=NRST Pin=R39-2
Added Pin To Net: NetName=NRST Pin=R71-2
Added Pin To Net: NetName=NRST Pin=S2-1
Added Pin To Net: NetName=NRST Pin=S2-2
Added Net: Name=NRST
Added Pin To Net: NetName=PA0 Pin=TP3-1
Added Net: Name=PA0
Added Pin To Net: NetName=PA1 Pin=R40-2
Added Pin To Net: NetName=PA1 Pin=R67-2
Added Net: Name=PA1
Added Pin To Net: NetName=PA2 Pin=R66-2
Added Net: Name=PA2
Added Pin To Net: NetName=PA3 Pin=TP2-1
Added Net: Name=PA3
Added Net: Name=PA4
Added Net: Name=PA5
Added Net: Name=PA6
Added Pin To Net: NetName=PA7 Pin=R63-2
Added Net: Name=PA7
Added Pin To Net: NetName=PA8 Pin=TP1-1
Added Net: Name=PA8
Added Pin To Net: NetName=PA9 Pin=R6-1
Added Net: Name=PA9
Added Pin To Net: NetName=PA10 Pin=R75-2
Added Net: Name=PA10
Added Pin To Net: NetName=PA11 Pin=R73-2
Added Net: Name=PA11
Added Pin To Net: NetName=PA12 Pin=R74-2
Added Net: Name=PA12
Added Pin To Net: NetName=PA13 Pin=R69-2
Added Net: Name=PA13
Added Pin To Net: NetName=PA14 Pin=R70-2
Added Net: Name=PA14
Added Pin To Net: NetName=PA15 Pin=J2-7
Added Net: Name=PA15
Added Pin To Net: NetName=PB0 Pin=R61-2
Added Net: Name=PB0
Added Pin To Net: NetName=PB1 Pin=R62-2
Added Net: Name=PB1
Added Net: Name=PB2
Added Pin To Net: NetName=PB3 Pin=R68-2
Added Net: Name=PB3
Added Net: Name=PB4
Added Net: Name=PB5
Added Net: Name=PB6
Added Pin To Net: NetName=PB7 Pin=R5-2
Added Net: Name=PB7
Added Net: Name=PB8
Added Net: Name=PB9
Added Pin To Net: NetName=PB10 Pin=R64-2
Added Net: Name=PB10
Added Net: Name=PB11
Added Net: Name=PB12
Added Pin To Net: NetName=PB13 Pin=R43-2
Added Net: Name=PB13
Added Pin To Net: NetName=PB14 Pin=R7-2
Added Net: Name=PB14
Added Net: Name=PB15
Added Net: Name=PC0
Added Pin To Net: NetName=PC1 Pin=R65-2
Added Net: Name=PC1
Added Pin To Net: NetName=PC2 Pin=R44-2
Added Net: Name=PC2
Added Pin To Net: NetName=PC3 Pin=R41-2
Added Net: Name=PC3
Added Pin To Net: NetName=PC4 Pin=R48-2
Added Net: Name=PC4
Added Pin To Net: NetName=PC5 Pin=R60-2
Added Net: Name=PC5
Added Pin To Net: NetName=PC6 Pin=J4-3
Added Net: Name=PC6
Added Pin To Net: NetName=PC7 Pin=J4-1
Added Net: Name=PC7
Added Pin To Net: NetName=PC8 Pin=J4-5
Added Net: Name=PC8
Added Pin To Net: NetName=PC9 Pin=J4-7
Added Net: Name=PC9
Added Pin To Net: NetName=PC10 Pin=J2-5
Added Net: Name=PC10
Added Pin To Net: NetName=PC11 Pin=J2-1
Added Net: Name=PC11
Added Pin To Net: NetName=PC12 Pin=J2-3
Added Net: Name=PC12
Added Pin To Net: NetName=PC13 Pin=R8-1
Added Net: Name=PC13
Added Pin To Net: NetName=PC14 Pin=R11-2
Added Net: Name=PC14
Added Pin To Net: NetName=PC15 Pin=R10-1
Added Net: Name=PC15
Added Net: Name=PD0
Added Net: Name=PD1
Added Net: Name=PD2
Added Net: Name=PD3
Added Net: Name=PD4
Added Net: Name=PD5
Added Net: Name=PD6
Added Net: Name=PD7
Added Pin To Net: NetName=PD8 Pin=J9-1
Added Net: Name=PD8
Added Pin To Net: NetName=PD9 Pin=J9-2
Added Net: Name=PD9
Added Net: Name=PD10
Added Net: Name=PD11
Added Net: Name=PD12
Added Net: Name=PD13
Added Net: Name=PD14
Added Net: Name=PD15
Added Pin To Net: NetName=PE0 Pin=R45-2
Added Net: Name=PE0
Added Net: Name=PE1
Added Net: Name=PE2
Added Net: Name=PE3
Added Net: Name=PE4
Added Net: Name=PE5
Added Net: Name=PE6
Added Net: Name=PE7
Added Net: Name=PE8
Added Net: Name=PE9
Added Net: Name=PE10
Added Net: Name=PE11
Added Net: Name=PE12
Added Net: Name=PE13
Added Net: Name=PE14
Added Net: Name=PE15
Added Net: Name=PF0
Added Net: Name=PF1
Added Net: Name=PF2
Added Net: Name=PF3
Added Net: Name=PF4
Added Net: Name=PF5
Added Net: Name=PF6
Added Net: Name=PF7
Added Net: Name=PF8
Added Net: Name=PF9
Added Net: Name=PF10
Added Net: Name=PF11
Added Net: Name=PF12
Added Net: Name=PF13
Added Net: Name=PF14
Added Net: Name=PF15
Added Net: Name=PG0
Added Net: Name=PG1
Added Net: Name=PG2
Added Net: Name=PG3
Added Net: Name=PG4
Added Net: Name=PG5
Added Net: Name=PG6
Added Net: Name=PG7
Added Net: Name=PG8
Added Net: Name=PG9
Added Net: Name=PG10
Added Pin To Net: NetName=PG11 Pin=R46-2
Added Net: Name=PG11
Added Net: Name=PG12
Added Pin To Net: NetName=PG13 Pin=R42-2
Added Net: Name=PG13
Added Net: Name=PG14
Added Net: Name=PG15
Added Pin To Net: NetName=PH0 Pin=C12-1
Added Pin To Net: NetName=PH0 Pin=R49-2
Added Pin To Net: NetName=PH0 Pin=X2-1
Added Net: Name=PH0
Added Pin To Net: NetName=PH1 Pin=C13-1
Added Pin To Net: NetName=PH1 Pin=X2-3
Added Net: Name=PH1
Added Pin To Net: NetName=RX_CLK Pin=R47-1
Added Pin To Net: NetName=RX_CLK Pin=R54-2
Added Net: Name=RX_CLK
Added Pin To Net: NetName=RX_DV Pin=R53-2
Added Pin To Net: NetName=RX_DV Pin=R63-1
Added Net: Name=RX_DV
Added Pin To Net: NetName=RX_ER Pin=R52-2
Added Pin To Net: NetName=RX_ER Pin=R64-1
Added Net: Name=RX_ER
Added Pin To Net: NetName=RXD_0 Pin=R48-1
Added Pin To Net: NetName=RXD_0 Pin=R55-2
Added Net: Name=RXD_0
Added Pin To Net: NetName=RXD_1 Pin=R56-2
Added Pin To Net: NetName=RXD_1 Pin=R60-1
Added Net: Name=RXD_1
Added Pin To Net: NetName=RXD_2 Pin=R57-2
Added Pin To Net: NetName=RXD_2 Pin=R61-1
Added Net: Name=RXD_2
Added Pin To Net: NetName=RXD_3 Pin=R58-2
Added Pin To Net: NetName=RXD_3 Pin=R62-1
Added Net: Name=RXD_3
Added Pin To Net: NetName=RXN Pin=R26-1
Added Pin To Net: NetName=RXN Pin=R28-1
Added Net: Name=RXN
Added Pin To Net: NetName=RXP Pin=R30-1
Added Pin To Net: NetName=RXP Pin=R31-1
Added Net: Name=RXP
Added Pin To Net: NetName=T0+ Pin=J7-1
Added Pin To Net: NetName=T0+ Pin=R19-1
Added Net: Name=T0+
Added Pin To Net: NetName=T0- Pin=J8-1
Added Pin To Net: NetName=T0- Pin=R38-1
Added Net: Name=T0-
Added Pin To Net: NetName=T1+ Pin=C45-2
Added Pin To Net: NetName=T1+ Pin=J7-2
Added Pin To Net: NetName=T1+ Pin=R21-1
Added Pin To Net: NetName=T1+ Pin=R25-2
Added Net: Name=T1+
Added Pin To Net: NetName=T1- Pin=C47-2
Added Pin To Net: NetName=T1- Pin=J8-2
Added Pin To Net: NetName=T1- Pin=R32-2
Added Pin To Net: NetName=T1- Pin=R34-1
Added Net: Name=T1-
Added Pin To Net: NetName=T2+ Pin=C45-1
Added Pin To Net: NetName=T2+ Pin=J7-3
Added Pin To Net: NetName=T2+ Pin=R22-2
Added Pin To Net: NetName=T2+ Pin=R25-1
Added Net: Name=T2+
Added Pin To Net: NetName=T2- Pin=C47-1
Added Pin To Net: NetName=T2- Pin=J8-3
Added Pin To Net: NetName=T2- Pin=R32-1
Added Pin To Net: NetName=T2- Pin=R35-2
Added Net: Name=T2-
Added Pin To Net: NetName=T3+ Pin=J7-4
Added Pin To Net: NetName=T3+ Pin=R22-1
Added Pin To Net: NetName=T3+ Pin=R23-2
Added Pin To Net: NetName=T3+ Pin=R26-2
Added Net: Name=T3+
Added Pin To Net: NetName=T3- Pin=J8-4
Added Pin To Net: NetName=T3- Pin=R31-2
Added Pin To Net: NetName=T3- Pin=R35-1
Added Pin To Net: NetName=T3- Pin=R36-2
Added Net: Name=T3-
Added Pin To Net: NetName=T4+ Pin=J7-5
Added Pin To Net: NetName=T4+ Pin=R23-1
Added Pin To Net: NetName=T4+ Pin=R24-2
Added Net: Name=T4+
Added Pin To Net: NetName=T4- Pin=J8-5
Added Pin To Net: NetName=T4- Pin=R36-1
Added Pin To Net: NetName=T4- Pin=R37-2
Added Net: Name=T4-
Added Pin To Net: NetName=TXD_3 Pin=R45-1
Added Pin To Net: NetName=TXD_3 Pin=R51-2
Added Net: Name=TXD_3
Added Pin To Net: NetName=TXN Pin=R24-1
Added Pin To Net: NetName=TXN Pin=R29-2
Added Net: Name=TXN
Added Pin To Net: NetName=TXP Pin=R27-2
Added Pin To Net: NetName=TXP Pin=R37-1
Added Net: Name=TXP
Added Class: Name=Designator
Added Room: Name=Designator
Added Room: Name=Designator
Added Room: Name=Designator
Added Room: Name=Designator
